(0000) 5000  0101000000000000 (   1)                 .ORIG x5000
(5000) E006  1110000000000110 (   2)                 LEA   R0 LABEL1
(5001) F022  1111000000100010 (   3)                 TRAP  x22
(5002) E012  1110000000010010 (   4)                 LEA   R0 LABEL2
(5003) F022  1111000000100010 (   5)                 TRAP  x22
(5004) E01C  1110000000011100 (   6)                 LEA   R0 LABEL3
(5005) F022  1111000000100010 (   7)                 TRAP  x22
(5006) F025  1111000000100101 (   8)                 TRAP  x25
(5007) 0043  0000000001000011 (   9) LABEL1          .FILL x0043
(5008) 0020  0000000000100000 (   9)                 .FILL x0020
(5009) 0050  0000000001010000 (   9)                 .FILL x0050
(500A) 0072  0000000001110010 (   9)                 .FILL x0072
(500B) 006F  0000000001101111 (   9)                 .FILL x006F
(500C) 0067  0000000001100111 (   9)                 .FILL x0067
(500D) 0072  0000000001110010 (   9)                 .FILL x0072
(500E) 0061  0000000001100001 (   9)                 .FILL x0061
(500F) 006D  0000000001101101 (   9)                 .FILL x006D
(5010) 006D  0000000001101101 (   9)                 .FILL x006D
(5011) 0069  0000000001101001 (   9)                 .FILL x0069
(5012) 006E  0000000001101110 (   9)                 .FILL x006E
(5013) 0067  0000000001100111 (   9)                 .FILL x0067
(5014) 0000  0000000000000000 (   9)                 .FILL x0000
(5015) 0053  0000000001010011 (  10) LABEL2          .FILL x0053
(5016) 0070  0000000001110000 (  10)                 .FILL x0070
(5017) 0072  0000000001110010 (  10)                 .FILL x0072
(5018) 0069  0000000001101001 (  10)                 .FILL x0069
(5019) 006E  0000000001101110 (  10)                 .FILL x006E
(501A) 0067  0000000001100111 (  10)                 .FILL x0067
(501B) 0020  0000000000100000 (  10)                 .FILL x0020
(501C) 0032  0000000000110010 (  10)                 .FILL x0032
(501D) 0030  0000000000110000 (  10)                 .FILL x0030
(501E) 0031  0000000000110001 (  10)                 .FILL x0031
(501F) 0035  0000000000110101 (  10)                 .FILL x0035
(5020) 0000  0000000000000000 (  10)                 .FILL x0000
(5021) 0055  0000000001010101 (  11) LABEL3          .FILL x0055
(5022) 0043  0000000001000011 (  11)                 .FILL x0043
(5023) 0049  0000000001001001 (  11)                 .FILL x0049
(5024) 0000  0000000000000000 (  11)                 .FILL x0000
