(0000) 4000  0100000000000000 (   1)                 .ORIG x4000
(4000) E006  1110000000000110 (   2)                 LEA   R0 LABEL1
(4001) F022  1111000000100010 (   3)                 TRAP  x22
(4002) E012  1110000000010010 (   4)                 LEA   R0 LABEL2
(4003) F022  1111000000100010 (   5)                 TRAP  x22
(4004) E01C  1110000000011100 (   6)                 LEA   R0 LABEL3
(4005) F022  1111000000100010 (   7)                 TRAP  x22
(4006) F025  1111000000100101 (   8)                 TRAP  x25
(4007) 0043  0000000001000011 (   9) LABEL1          .FILL x0043
(4008) 0020  0000000000100000 (   9)                 .FILL x0020
(4009) 0050  0000000001010000 (   9)                 .FILL x0050
(400A) 0072  0000000001110010 (   9)                 .FILL x0072
(400B) 006F  0000000001101111 (   9)                 .FILL x006F
(400C) 0067  0000000001100111 (   9)                 .FILL x0067
(400D) 0072  0000000001110010 (   9)                 .FILL x0072
(400E) 0061  0000000001100001 (   9)                 .FILL x0061
(400F) 006D  0000000001101101 (   9)                 .FILL x006D
(4010) 006D  0000000001101101 (   9)                 .FILL x006D
(4011) 0069  0000000001101001 (   9)                 .FILL x0069
(4012) 006E  0000000001101110 (   9)                 .FILL x006E
(4013) 0067  0000000001100111 (   9)                 .FILL x0067
(4014) 0000  0000000000000000 (   9)                 .FILL x0000
(4015) 0053  0000000001010011 (  10) LABEL2          .FILL x0053
(4016) 0070  0000000001110000 (  10)                 .FILL x0070
(4017) 0072  0000000001110010 (  10)                 .FILL x0072
(4018) 0069  0000000001101001 (  10)                 .FILL x0069
(4019) 006E  0000000001101110 (  10)                 .FILL x006E
(401A) 0067  0000000001100111 (  10)                 .FILL x0067
(401B) 0020  0000000000100000 (  10)                 .FILL x0020
(401C) 0032  0000000000110010 (  10)                 .FILL x0032
(401D) 0030  0000000000110000 (  10)                 .FILL x0030
(401E) 0031  0000000000110001 (  10)                 .FILL x0031
(401F) 0035  0000000000110101 (  10)                 .FILL x0035
(4020) 0000  0000000000000000 (  10)                 .FILL x0000
(4021) 0055  0000000001010101 (  11) LABEL3          .FILL x0055
(4022) 0043  0000000001000011 (  11)                 .FILL x0043
(4023) 0049  0000000001001001 (  11)                 .FILL x0049
(4024) 0000  0000000000000000 (  11)                 .FILL x0000
