(0000) 3000  0011000000000000 (   1)                 .ORIG x3000
(3000) 2A72  0010101001110010 (   2)                 LD    R5 ASCII
(3001) 2C72  0010110001110010 (   3)                 LD    R6 NEGASCII
(3002) 286F  0010100001101111 (   4)                 LD    R4 UPPER
(3003) E01D  1110000000011101 (   5) RESET           LEA   R0 MESG1
(3004) F022  1111000000100010 (   6)                 TRAP  x22
(3005) F020  1111000000100000 (   7)                 TRAP  x20
(3006) F021  1111000000100001 (   8)                 TRAP  x21
(3007) 1206  0001001000000110 (   9)                 ADD   R1 R0 R6
(3008) 0201  0000001000000001 (  10)                 BRP   NEXT
(3009) 0412  0000010000010010 (  11)                 BRZ   EXIT
(300A) 206A  0010000001101010 (  12) NEXT            LD    R0 NEWLINE
(300B) F021  1111000000100001 (  13)                 TRAP  x21
(300C) E045  1110000001000101 (  14)                 LEA   R0 MESG2
(300D) F022  1111000000100010 (  15)                 TRAP  x22
(300E) F020  1111000000100000 (  16)                 TRAP  x20
(300F) F021  1111000000100001 (  17)                 TRAP  x21
(3010) 54A0  0101010010100000 (  18)                 AND   R2 R2 #0
(3011) 1404  0001010000000100 (  19)                 ADD   R2 R0 R4
(3012) 5020  0101000000100000 (  20)                 AND   R0 R0 #0
(3013) 2061  0010000001100001 (  21)                 LD    R0 NEWLINE
(3014) F021  1111000000100001 (  22)                 TRAP  x21
(3015) 10A0  0001000010100000 (  23)                 ADD   R0 R2 #0
(3016) F021  1111000000100001 (  24) LOOP            TRAP  x21
(3017) 127F  0001001001111111 (  25)                 ADD   R1 R1 #-1
(3018) 03FD  0000001111111101 (  26)                 BRP   LOOP
(3019) 205B  0010000001011011 (  27)                 LD    R0 NEWLINE
(301A) F021  1111000000100001 (  28)                 TRAP  x21
(301B) 0FE7  0000111111100111 (  29)                 BRNZP RESET
(301C) 2058  0010000001011000 (  30) EXIT            LD    R0 NEWLINE
(301D) F021  1111000000100001 (  31)                 TRAP  x21
(301E) E04F  1110000001001111 (  32)                 LEA   R0 MESG3
(301F) F022  1111000000100010 (  33)                 TRAP  x22
(3020) F025  1111000000100101 (  34)                 TRAP  x25
(3021) 0045  0000000001000101 (  35) MESG1           .FILL x0045
(3022) 006E  0000000001101110 (  35)                 .FILL x006E
(3023) 0074  0000000001110100 (  35)                 .FILL x0074
(3024) 0065  0000000001100101 (  35)                 .FILL x0065
(3025) 0072  0000000001110010 (  35)                 .FILL x0072
(3026) 0020  0000000000100000 (  35)                 .FILL x0020
(3027) 0061  0000000001100001 (  35)                 .FILL x0061
(3028) 0020  0000000000100000 (  35)                 .FILL x0020
(3029) 006E  0000000001101110 (  35)                 .FILL x006E
(302A) 0075  0000000001110101 (  35)                 .FILL x0075
(302B) 006D  0000000001101101 (  35)                 .FILL x006D
(302C) 0062  0000000001100010 (  35)                 .FILL x0062
(302D) 0065  0000000001100101 (  35)                 .FILL x0065
(302E) 0072  0000000001110010 (  35)                 .FILL x0072
(302F) 0020  0000000000100000 (  35)                 .FILL x0020
(3030) 0062  0000000001100010 (  35)                 .FILL x0062
(3031) 0065  0000000001100101 (  35)                 .FILL x0065
(3032) 0074  0000000001110100 (  35)                 .FILL x0074
(3033) 0077  0000000001110111 (  35)                 .FILL x0077
(3034) 0065  0000000001100101 (  35)                 .FILL x0065
(3035) 0065  0000000001100101 (  35)                 .FILL x0065
(3036) 006E  0000000001101110 (  35)                 .FILL x006E
(3037) 0020  0000000000100000 (  35)                 .FILL x0020
(3038) 0031  0000000000110001 (  35)                 .FILL x0031
(3039) 0020  0000000000100000 (  35)                 .FILL x0020
(303A) 0061  0000000001100001 (  35)                 .FILL x0061
(303B) 006E  0000000001101110 (  35)                 .FILL x006E
(303C) 0064  0000000001100100 (  35)                 .FILL x0064
(303D) 0020  0000000000100000 (  35)                 .FILL x0020
(303E) 0038  0000000000111000 (  35)                 .FILL x0038
(303F) 002C  0000000000101100 (  35)                 .FILL x002C
(3040) 0020  0000000000100000 (  35)                 .FILL x0020
(3041) 0074  0000000001110100 (  35)                 .FILL x0074
(3042) 0079  0000000001111001 (  35)                 .FILL x0079
(3043) 0070  0000000001110000 (  35)                 .FILL x0070
(3044) 0065  0000000001100101 (  35)                 .FILL x0065
(3045) 0020  0000000000100000 (  35)                 .FILL x0020
(3046) 0030  0000000000110000 (  35)                 .FILL x0030
(3047) 0020  0000000000100000 (  35)                 .FILL x0020
(3048) 0074  0000000001110100 (  35)                 .FILL x0074
(3049) 006F  0000000001101111 (  35)                 .FILL x006F
(304A) 0020  0000000000100000 (  35)                 .FILL x0020
(304B) 0065  0000000001100101 (  35)                 .FILL x0065
(304C) 0078  0000000001111000 (  35)                 .FILL x0078
(304D) 0069  0000000001101001 (  35)                 .FILL x0069
(304E) 0074  0000000001110100 (  35)                 .FILL x0074
(304F) 003A  0000000000111010 (  35)                 .FILL x003A
(3050) 0020  0000000000100000 (  35)                 .FILL x0020
(3051) 0000  0000000000000000 (  35)                 .FILL x0000
(3052) 0045  0000000001000101 (  36) MESG2           .FILL x0045
(3053) 006E  0000000001101110 (  36)                 .FILL x006E
(3054) 0074  0000000001110100 (  36)                 .FILL x0074
(3055) 0065  0000000001100101 (  36)                 .FILL x0065
(3056) 0072  0000000001110010 (  36)                 .FILL x0072
(3057) 0020  0000000000100000 (  36)                 .FILL x0020
(3058) 0061  0000000001100001 (  36)                 .FILL x0061
(3059) 0020  0000000000100000 (  36)                 .FILL x0020
(305A) 006C  0000000001101100 (  36)                 .FILL x006C
(305B) 006F  0000000001101111 (  36)                 .FILL x006F
(305C) 0077  0000000001110111 (  36)                 .FILL x0077
(305D) 0065  0000000001100101 (  36)                 .FILL x0065
(305E) 0072  0000000001110010 (  36)                 .FILL x0072
(305F) 0020  0000000000100000 (  36)                 .FILL x0020
(3060) 0063  0000000001100011 (  36)                 .FILL x0063
(3061) 0061  0000000001100001 (  36)                 .FILL x0061
(3062) 0073  0000000001110011 (  36)                 .FILL x0073
(3063) 0065  0000000001100101 (  36)                 .FILL x0065
(3064) 0020  0000000000100000 (  36)                 .FILL x0020
(3065) 006C  0000000001101100 (  36)                 .FILL x006C
(3066) 0065  0000000001100101 (  36)                 .FILL x0065
(3067) 0074  0000000001110100 (  36)                 .FILL x0074
(3068) 0074  0000000001110100 (  36)                 .FILL x0074
(3069) 0065  0000000001100101 (  36)                 .FILL x0065
(306A) 0072  0000000001110010 (  36)                 .FILL x0072
(306B) 003A  0000000000111010 (  36)                 .FILL x003A
(306C) 0020  0000000000100000 (  36)                 .FILL x0020
(306D) 0000  0000000000000000 (  36)                 .FILL x0000
(306E) 0042  0000000001000010 (  37) MESG3           .FILL x0042
(306F) 0079  0000000001111001 (  37)                 .FILL x0079
(3070) 0065  0000000001100101 (  37)                 .FILL x0065
(3071) 0000  0000000000000000 (  37)                 .FILL x0000
(3072) FFE0  1111111111100000 (  38) UPPER           .FILL xFFE0
(3073) 0030  0000000000110000 (  39) ASCII           .FILL x0030
(3074) FFD0  1111111111010000 (  40) NEGASCII        .FILL xFFD0
(3075) 000A  0000000000001010 (  41) NEWLINE         .FILL x000A
