(0000) 3000  0011000000000000 (   1)                 .ORIG x3000
(3000) 2C5A  0010110001011010 (   2)                 LD    R6 ASCII
(3001) 2A5A  0010101001011010 (   3)                 LD    R5 NEGASCII
(3002) 5260  0101001001100000 (   5) MENU            AND   R1 R1 #0
(3003) E05B  1110000001011011 (   7)                 LEA   R0 MESG1
(3004) F022  1111000000100010 (   8)                 TRAP  x22
(3005) F020  1111000000100000 (   9)                 TRAP  x20
(3006) 1005  0001000000000101 (  10)                 ADD   R0 R0 R5
(3007) 103E  0001000000111110 (  11)                 ADD   R0 R0 #-2
(3008) 0802  0000100000000010 (  12)                 BRN   Input1
(3009) 043D  0000010000111101 (  13)                 BRZ   Input2
(300A) 024D  0000001001001101 (  14)                 BRP   Input3
(300B) E0A4  1110000010100100 (  16) Input1          LEA   R0 MESG2
(300C) F022  1111000000100010 (  17)                 TRAP  x22
(300D) F020  1111000000100000 (  18)                 TRAP  x20
(300E) F021  1111000000100001 (  19)                 TRAP  x21
(300F) 1220  0001001000100000 (  20)                 ADD   R1 R0 #0
(3010) 1245  0001001001000101 (  21)                 ADD   R1 R1 R5
(3011) 1460  0001010001100000 (  23)                 ADD   R2 R1 #0
(3012) 5920  0101100100100000 (  24)                 AND   R4 R4 #0
(3013) 1928  0001100100101000 (  25)                 ADD   R4 R4 #8
(3014) 1481  0001010010000001 (  26) Loop1           ADD   R2 R2 R1
(3015) 193F  0001100100111111 (  27)                 ADD   R4 R4 #-1
(3016) 03FD  0000001111111101 (  28)                 BRP   Loop1
(3017) 56E0  0101011011100000 (  30)                 AND   R3 R3 #0
(3018) 16E1  0001011011100001 (  31) Loop2           ADD   R3 R3 #1
(3019) 14BB  0001010010111011 (  32)                 ADD   R2 R2 #-5
(301A) 0802  0000100000000010 (  33)                 BRN   NEG
(301B) 0402  0000010000000010 (  34)                 BRZ   ZERO
(301C) 03FB  0000001111111011 (  35)                 BRP   Loop2
(301D) 16FF  0001011011111111 (  36) NEG             ADD   R3 R3 #-1
(301E) 14E0  0001010011100000 (  37) ZERO            ADD   R2 R3 #0
(301F) 283E  0010100000111110 (  39)                 LD    R4 FF
(3020) 1484  0001010010000100 (  40)                 ADD   R2 R2 R4
(3021) 283B  0010100000111011 (  42)                 LD    R4 STORE
(3022) 7500  0111010100000000 (  43)                 STR   R2 R4 #0
(3023) 6500  0110010100000000 (  44)                 LDR   R2 R4 #0
(3024) 20D8  0010000011011000 (  46)                 LD    R0 NEWLINE
(3025) F021  1111000000100001 (  47)                 TRAP  x21
(3026) 5020  0101000000100000 (  48)                 AND   R0 R0 #0
(3027) E0AA  1110000010101010 (  49)                 LEA   R0 MESG3
(3028) F022  1111000000100010 (  50)                 TRAP  x22
(3029) 56E0  0101011011100000 (  52)                 AND   R3 R3 #0
(302A) 16C2  0001011011000010 (  53)                 ADD   R3 R3 R2
(302B) 5920  0101100100100000 (  54)                 AND   R4 R4 #0
(302C) 1921  0001100100100001 (  55) Loop3           ADD   R4 R4 #1
(302D) 16F6  0001011011110110 (  56)                 ADD   R3 R3 #-10
(302E) 0802  0000100000000010 (  57)                 BRN   NEG1
(302F) 0402  0000010000000010 (  58)                 BRZ   ZERO1
(3030) 03FB  0000001111111011 (  59)                 BRP   Loop3
(3031) 193F  0001100100111111 (  60) NEG1            ADD   R4 R4 #-1
(3032) 1720  0001011100100000 (  61) ZERO1           ADD   R3 R4 #0
(3033) 5020  0101000000100000 (  62)                 AND   R0 R0 #0
(3034) 10C6  0001000011000110 (  63)                 ADD   R0 R3 R6
(3035) F021  1111000000100001 (  64)                 TRAP  x21
(3036) 56E0  0101011011100000 (  66)                 AND   R3 R3 #0
(3037) 1005  0001000000000101 (  67)                 ADD   R0 R0 R5
(3038) 1620  0001011000100000 (  68)                 ADD   R3 R0 #0
(3039) 5920  0101100100100000 (  70)                 AND   R4 R4 #0
(303A) 1929  0001100100101001 (  71)                 ADD   R4 R4 #9
(303B) 16C0  0001011011000000 (  72) Loop4           ADD   R3 R3 R0
(303C) 193F  0001100100111111 (  73)                 ADD   R4 R4 #-1
(303D) 03FD  0000001111111101 (  74)                 BRP   Loop4
(303E) 96FF  1001011011111111 (  76)                 NOT   R3 R3
(303F) 16E1  0001011011100001 (  77)                 ADD   R3 R3 #1
(3040) 1683  0001011010000011 (  78)                 ADD   R3 R2 R3
(3041) 5020  0101000000100000 (  79)                 AND   R0 R0 #0
(3042) 10C6  0001000011000110 (  80)                 ADD   R0 R3 R6
(3043) F021  1111000000100001 (  81)                 TRAP  x21
(3044) 20B8  0010000010111000 (  83)                 LD    R0 NEWLINE
(3045) F021  1111000000100001 (  84)                 TRAP  x21
(3046) 0FBB  0000111110111011 (  85)                 BRNZP MENU
(3047) E068  1110000001101000 (  87) Input2          LEA   R0 MESG2
(3048) F022  1111000000100010 (  88)                 TRAP  x22
(3049) F020  1111000000100000 (  89)                 TRAP  x20
(304A) F021  1111000000100001 (  90)                 TRAP  x21
(304B) 1220  0001001000100000 (  92)                 ADD   R1 R0 #0
(304C) 1245  0001001001000101 (  93)                 ADD   R1 R1 R5
(304D) 5020  0101000000100000 (  94)                 AND   R0 R0 #0
(304E) 20AE  0010000010101110 (  96)                 LD    R0 NEWLINE
(304F) F021  1111000000100001 (  97)                 TRAP  x21
(3050) E090  1110000010010000 (  99)                 LEA   R0 MESG4
(3051) F022  1111000000100010 ( 100)                 TRAP  x22
(3052) 5020  0101000000100000 ( 101)                 AND   R0 R0 #0
(3053) 1046  0001000001000110 ( 102)                 ADD   R0 R1 R6
(3054) F021  1111000000100001 ( 103)                 TRAP  x21
(3055) 20A7  0010000010100111 ( 105)                 LD    R0 NEWLINE
(3056) F021  1111000000100001 ( 106)                 TRAP  x21
(3057) 0FAA  0000111110101010 ( 107)                 BRNZP MENU
(3058) E094  1110000010010100 ( 109) Input3          LEA   R0 MESG5
(3059) F022  1111000000100010 ( 110)                 TRAP  x22
(305A) F025  1111000000100101 ( 111)                 TRAP  x25
(305B) 0030  0000000000110000 ( 113) ASCII           .FILL x0030
(305C) FFD0  1111111111010000 ( 114) NEGASCII        .FILL xFFD0
(305D) 3100  0011000100000000 ( 115) STORE           .FILL x3100
(305E) 0020  0000000000100000 ( 116) FF              .FILL x0020
(305F) 0045  0000000001000101 ( 117) MESG1           .FILL x0045
(3060) 006E  0000000001101110 ( 117)                 .FILL x006E
(3061) 0074  0000000001110100 ( 117)                 .FILL x0074
(3062) 0065  0000000001100101 ( 117)                 .FILL x0065
(3063) 0072  0000000001110010 ( 117)                 .FILL x0072
(3064) 0020  0000000000100000 ( 117)                 .FILL x0020
(3065) 0031  0000000000110001 ( 117)                 .FILL x0031
(3066) 0020  0000000000100000 ( 117)                 .FILL x0020
(3067) 0066  0000000001100110 ( 117)                 .FILL x0066
(3068) 006F  0000000001101111 ( 117)                 .FILL x006F
(3069) 0072  0000000001110010 ( 117)                 .FILL x0072
(306A) 0020  0000000000100000 ( 117)                 .FILL x0020
(306B) 0063  0000000001100011 ( 117)                 .FILL x0063
(306C) 006F  0000000001101111 ( 117)                 .FILL x006F
(306D) 006E  0000000001101110 ( 117)                 .FILL x006E
(306E) 0076  0000000001110110 ( 117)                 .FILL x0076
(306F) 0065  0000000001100101 ( 117)                 .FILL x0065
(3070) 0072  0000000001110010 ( 117)                 .FILL x0072
(3071) 0074  0000000001110100 ( 117)                 .FILL x0074
(3072) 0069  0000000001101001 ( 117)                 .FILL x0069
(3073) 006E  0000000001101110 ( 117)                 .FILL x006E
(3074) 0067  0000000001100111 ( 117)                 .FILL x0067
(3075) 0020  0000000000100000 ( 117)                 .FILL x0020
(3076) 0074  0000000001110100 ( 117)                 .FILL x0074
(3077) 006F  0000000001101111 ( 117)                 .FILL x006F
(3078) 0020  0000000000100000 ( 117)                 .FILL x0020
(3079) 0074  0000000001110100 ( 117)                 .FILL x0074
(307A) 0068  0000000001101000 ( 117)                 .FILL x0068
(307B) 0065  0000000001100101 ( 117)                 .FILL x0065
(307C) 0020  0000000000100000 ( 117)                 .FILL x0020
(307D) 0046  0000000001000110 ( 117)                 .FILL x0046
(307E) 0061  0000000001100001 ( 117)                 .FILL x0061
(307F) 0068  0000000001101000 ( 117)                 .FILL x0068
(3080) 0072  0000000001110010 ( 117)                 .FILL x0072
(3081) 0065  0000000001100101 ( 117)                 .FILL x0065
(3082) 006E  0000000001101110 ( 117)                 .FILL x006E
(3083) 0068  0000000001101000 ( 117)                 .FILL x0068
(3084) 0065  0000000001100101 ( 117)                 .FILL x0065
(3085) 0069  0000000001101001 ( 117)                 .FILL x0069
(3086) 0074  0000000001110100 ( 117)                 .FILL x0074
(3087) 002C  0000000000101100 ( 117)                 .FILL x002C
(3088) 0020  0000000000100000 ( 117)                 .FILL x0020
(3089) 006F  0000000001101111 ( 117)                 .FILL x006F
(308A) 0072  0000000001110010 ( 117)                 .FILL x0072
(308B) 0020  0000000000100000 ( 117)                 .FILL x0020
(308C) 0032  0000000000110010 ( 117)                 .FILL x0032
(308D) 0020  0000000000100000 ( 117)                 .FILL x0020
(308E) 0066  0000000001100110 ( 117)                 .FILL x0066
(308F) 006F  0000000001101111 ( 117)                 .FILL x006F
(3090) 0072  0000000001110010 ( 117)                 .FILL x0072
(3091) 0020  0000000000100000 ( 117)                 .FILL x0020
(3092) 006E  0000000001101110 ( 117)                 .FILL x006E
(3093) 006F  0000000001101111 ( 117)                 .FILL x006F
(3094) 0020  0000000000100000 ( 117)                 .FILL x0020
(3095) 0063  0000000001100011 ( 117)                 .FILL x0063
(3096) 006F  0000000001101111 ( 117)                 .FILL x006F
(3097) 006E  0000000001101110 ( 117)                 .FILL x006E
(3098) 0076  0000000001110110 ( 117)                 .FILL x0076
(3099) 0065  0000000001100101 ( 117)                 .FILL x0065
(309A) 0072  0000000001110010 ( 117)                 .FILL x0072
(309B) 0073  0000000001110011 ( 117)                 .FILL x0073
(309C) 0069  0000000001101001 ( 117)                 .FILL x0069
(309D) 006F  0000000001101111 ( 117)                 .FILL x006F
(309E) 006E  0000000001101110 ( 117)                 .FILL x006E
(309F) 002C  0000000000101100 ( 117)                 .FILL x002C
(30A0) 0020  0000000000100000 ( 117)                 .FILL x0020
(30A1) 006F  0000000001101111 ( 117)                 .FILL x006F
(30A2) 0072  0000000001110010 ( 117)                 .FILL x0072
(30A3) 0020  0000000000100000 ( 117)                 .FILL x0020
(30A4) 0033  0000000000110011 ( 117)                 .FILL x0033
(30A5) 0020  0000000000100000 ( 117)                 .FILL x0020
(30A6) 0066  0000000001100110 ( 117)                 .FILL x0066
(30A7) 006F  0000000001101111 ( 117)                 .FILL x006F
(30A8) 0072  0000000001110010 ( 117)                 .FILL x0072
(30A9) 0020  0000000000100000 ( 117)                 .FILL x0020
(30AA) 0065  0000000001100101 ( 117)                 .FILL x0065
(30AB) 0078  0000000001111000 ( 117)                 .FILL x0078
(30AC) 0069  0000000001101001 ( 117)                 .FILL x0069
(30AD) 0074  0000000001110100 ( 117)                 .FILL x0074
(30AE) 002E  0000000000101110 ( 117)                 .FILL x002E
(30AF) 0000  0000000000000000 ( 117)                 .FILL x0000
(30B0) 0045  0000000001000101 ( 118) MESG2           .FILL x0045
(30B1) 006E  0000000001101110 ( 118)                 .FILL x006E
(30B2) 0074  0000000001110100 ( 118)                 .FILL x0074
(30B3) 0065  0000000001100101 ( 118)                 .FILL x0065
(30B4) 0072  0000000001110010 ( 118)                 .FILL x0072
(30B5) 0020  0000000000100000 ( 118)                 .FILL x0020
(30B6) 0074  0000000001110100 ( 118)                 .FILL x0074
(30B7) 0068  0000000001101000 ( 118)                 .FILL x0068
(30B8) 0065  0000000001100101 ( 118)                 .FILL x0065
(30B9) 0020  0000000000100000 ( 118)                 .FILL x0020
(30BA) 0074  0000000001110100 ( 118)                 .FILL x0074
(30BB) 0065  0000000001100101 ( 118)                 .FILL x0065
(30BC) 006D  0000000001101101 ( 118)                 .FILL x006D
(30BD) 0070  0000000001110000 ( 118)                 .FILL x0070
(30BE) 0065  0000000001100101 ( 118)                 .FILL x0065
(30BF) 0072  0000000001110010 ( 118)                 .FILL x0072
(30C0) 0061  0000000001100001 ( 118)                 .FILL x0061
(30C1) 0074  0000000001110100 ( 118)                 .FILL x0074
(30C2) 0075  0000000001110101 ( 118)                 .FILL x0075
(30C3) 0072  0000000001110010 ( 118)                 .FILL x0072
(30C4) 0065  0000000001100101 ( 118)                 .FILL x0065
(30C5) 0020  0000000000100000 ( 118)                 .FILL x0020
(30C6) 0069  0000000001101001 ( 118)                 .FILL x0069
(30C7) 006E  0000000001101110 ( 118)                 .FILL x006E
(30C8) 0020  0000000000100000 ( 118)                 .FILL x0020
(30C9) 0043  0000000001000011 ( 118)                 .FILL x0043
(30CA) 0065  0000000001100101 ( 118)                 .FILL x0065
(30CB) 006C  0000000001101100 ( 118)                 .FILL x006C
(30CC) 0073  0000000001110011 ( 118)                 .FILL x0073
(30CD) 0069  0000000001101001 ( 118)                 .FILL x0069
(30CE) 0075  0000000001110101 ( 118)                 .FILL x0075
(30CF) 0073  0000000001110011 ( 118)                 .FILL x0073
(30D0) 003A  0000000000111010 ( 118)                 .FILL x003A
(30D1) 0000  0000000000000000 ( 118)                 .FILL x0000
(30D2) 0046  0000000001000110 ( 119) MESG3           .FILL x0046
(30D3) 0061  0000000001100001 ( 119)                 .FILL x0061
(30D4) 0068  0000000001101000 ( 119)                 .FILL x0068
(30D5) 0072  0000000001110010 ( 119)                 .FILL x0072
(30D6) 0065  0000000001100101 ( 119)                 .FILL x0065
(30D7) 006E  0000000001101110 ( 119)                 .FILL x006E
(30D8) 0068  0000000001101000 ( 119)                 .FILL x0068
(30D9) 0065  0000000001100101 ( 119)                 .FILL x0065
(30DA) 0069  0000000001101001 ( 119)                 .FILL x0069
(30DB) 0074  0000000001110100 ( 119)                 .FILL x0074
(30DC) 0020  0000000000100000 ( 119)                 .FILL x0020
(30DD) 0069  0000000001101001 ( 119)                 .FILL x0069
(30DE) 0073  0000000001110011 ( 119)                 .FILL x0073
(30DF) 003A  0000000000111010 ( 119)                 .FILL x003A
(30E0) 0000  0000000000000000 ( 119)                 .FILL x0000
(30E1) 0043  0000000001000011 ( 120) MESG4           .FILL x0043
(30E2) 0065  0000000001100101 ( 120)                 .FILL x0065
(30E3) 006C  0000000001101100 ( 120)                 .FILL x006C
(30E4) 0073  0000000001110011 ( 120)                 .FILL x0073
(30E5) 0069  0000000001101001 ( 120)                 .FILL x0069
(30E6) 0075  0000000001110101 ( 120)                 .FILL x0075
(30E7) 0073  0000000001110011 ( 120)                 .FILL x0073
(30E8) 0020  0000000000100000 ( 120)                 .FILL x0020
(30E9) 0069  0000000001101001 ( 120)                 .FILL x0069
(30EA) 0073  0000000001110011 ( 120)                 .FILL x0073
(30EB) 003A  0000000000111010 ( 120)                 .FILL x003A
(30EC) 0000  0000000000000000 ( 120)                 .FILL x0000
(30ED) 0048  0000000001001000 ( 121) MESG5           .FILL x0048
(30EE) 0061  0000000001100001 ( 121)                 .FILL x0061
(30EF) 0076  0000000001110110 ( 121)                 .FILL x0076
(30F0) 0065  0000000001100101 ( 121)                 .FILL x0065
(30F1) 0020  0000000000100000 ( 121)                 .FILL x0020
(30F2) 0061  0000000001100001 ( 121)                 .FILL x0061
(30F3) 0020  0000000000100000 ( 121)                 .FILL x0020
(30F4) 006E  0000000001101110 ( 121)                 .FILL x006E
(30F5) 0069  0000000001101001 ( 121)                 .FILL x0069
(30F6) 0063  0000000001100011 ( 121)                 .FILL x0063
(30F7) 0065  0000000001100101 ( 121)                 .FILL x0065
(30F8) 0020  0000000000100000 ( 121)                 .FILL x0020
(30F9) 0064  0000000001100100 ( 121)                 .FILL x0064
(30FA) 0061  0000000001100001 ( 121)                 .FILL x0061
(30FB) 0079  0000000001111001 ( 121)                 .FILL x0079
(30FC) 0000  0000000000000000 ( 121)                 .FILL x0000
(30FD) 000A  0000000000001010 ( 122) NEWLINE         .FILL x000A
