Running: C:\Xilinx\14.7\ISE_DS\ISE\bin\nt64\unwrapped\fuse.exe -intstyle ise -incremental -o C:/Users/Jack/Desktop/EECS 31L/Final Project/FinalProject_67574625_cpu/testbench_processor_isim_beh.exe -prj C:/Users/Jack/Desktop/EECS 31L/Final Project/FinalProject_67574625_cpu/testbench_processor_beh.prj work.testbench_processor 
ISim P.20131013 (signature 0x7708f090)
Number of CPUs detected in this system: 4
Turning on mult-threading, number of parallel sub-compilation jobs: 8 
Determining compilation order of HDL files
Parsing VHDL file "C:/Users/Jack/Desktop/EECS 31L/Final Project/FinalProject_67574625_cpu/assignment3_67574625_mux2to1.vhd" into library work
Parsing VHDL file "C:/Users/Jack/Desktop/EECS 31L/Final Project/FinalProject_67574625_cpu/assignment3_67574625_logic_unit.vhd" into library work
Parsing VHDL file "C:/Users/Jack/Desktop/EECS 31L/Final Project/FinalProject_67574625_cpu/assignment3_67574625_full_adder.vhd" into library work
Parsing VHDL file "C:/Users/Jack/Desktop/EECS 31L/Final Project/FinalProject_67574625_cpu/assignment3_67574625_arithmetic_unit.vhd" into library work
Parsing VHDL file "C:/Users/Jack/Desktop/EECS 31L/Final Project/FinalProject_67574625_cpu/pooriam_c31L_pack.vhd" into library work
Parsing VHDL file "C:/Users/Jack/Desktop/EECS 31L/Final Project/FinalProject_67574625_cpu/assignment3_67574625_alu_1bit.vhd" into library work
Parsing VHDL file "C:/Users/Jack/Desktop/EECS 31L/Final Project/FinalProject_67574625_cpu/register_bank_67574625.vhd" into library work
Parsing VHDL file "C:/Users/Jack/Desktop/EECS 31L/Final Project/FinalProject_67574625_cpu/pcounter_67574625.vhd" into library work
Parsing VHDL file "C:/Users/Jack/Desktop/EECS 31L/Final Project/FinalProject_67574625_cpu/memory_67574625.vhd" into library work
Parsing VHDL file "C:/Users/Jack/Desktop/EECS 31L/Final Project/FinalProject_67574625_cpu/controller_67574625.vhd" into library work
Parsing VHDL file "C:/Users/Jack/Desktop/EECS 31L/Final Project/FinalProject_67574625_cpu/B_input_alu.vhd" into library work
Parsing VHDL file "C:/Users/Jack/Desktop/EECS 31L/Final Project/FinalProject_67574625_cpu/A_input_67574625.vhd" into library work
Parsing VHDL file "C:/Users/Jack/Desktop/EECS 31L/Final Project/FinalProject_67574625_cpu/assignment3_67574625_alu_32bit.vhd" into library work
Parsing VHDL file "C:/Users/Jack/Desktop/EECS 31L/Final Project/FinalProject_67574625_cpu/processor_67574625.vhd" into library work
Parsing VHDL file "C:/Users/Jack/Desktop/EECS 31L/Final Project/FinalProject_67574625_cpu/testbench_processor.vhd" into library work
Starting static elaboration
Completed static elaboration
Compiling package standard
Compiling package std_logic_1164
Compiling package c31l_pack
Compiling package std_logic_arith
Compiling package std_logic_unsigned
Compiling package numeric_std
Compiling architecture behavioral of entity pcounter_67574625 [\pcounter_67574625(1)\]
Compiling architecture behavioral of entity memory_67574625 [memory_67574625_default]
Compiling architecture behavioral of entity controller_67574625 [controller_67574625_default]
Compiling architecture behavioral of entity register_bank_67574625 [register_bank_67574625_default]
Compiling architecture behavioral of entity a_input_67574625 [a_input_67574625_default]
Compiling architecture behavioral of entity b_input [b_input_default]
Compiling architecture behavioral of entity logic_unit [logic_unit_default]
Compiling architecture behavioral of entity arithmetic_unit [arithmetic_unit_default]
Compiling architecture behavioral of entity full_adder [full_adder_default]
Compiling architecture behavioral of entity mux2to1 [mux2to1_default]
Compiling architecture behavioral of entity alu_1bit [alu_1bit_default]
Compiling architecture behavioral of entity alu_32bit [alu_32bit_default]
Compiling architecture behavioral of entity processor_67574625 [processor_67574625_default]
Compiling architecture behavior of entity testbench_processor
Time Resolution for simulation is 1ps.
Waiting for 5 sub-compilation(s) to finish...
Compiled 33 VHDL Units
Built simulation executable C:/Users/Jack/Desktop/EECS 31L/Final Project/FinalProject_67574625_cpu/testbench_processor_isim_beh.exe
Fuse Memory Usage: 37908 KB
Fuse CPU Usage: 1200 ms
