(0000) 4000  0100000000000000 (   1)                 .ORIG x4000
(4000) E008  1110000000001000 (   2)                 LEA   R0 LABEL1
(4001) F022  1111000000100010 (   3)                 TRAP  x22
(4002) E00D  1110000000001101 (   4)                 LEA   R0 LABEL2
(4003) F022  1111000000100010 (   5)                 TRAP  x22
(4004) E015  1110000000010101 (   6)                 LEA   R0 LABEL3
(4005) F022  1111000000100010 (   7)                 TRAP  x22
(4006) E027  1110000000100111 (   8)                 LEA   R0 LABEL4
(4007) F022  1111000000100010 (   9)                 TRAP  x22
(4008) F025  1111000000100101 (  10)                 TRAP  x25
(4009) 004A  0000000001001010 (  11) LABEL1          .FILL x004A
(400A) 0061  0000000001100001 (  11)                 .FILL x0061
(400B) 0063  0000000001100011 (  11)                 .FILL x0063
(400C) 006B  0000000001101011 (  11)                 .FILL x006B
(400D) 002C  0000000000101100 (  11)                 .FILL x002C
(400E) 0020  0000000000100000 (  11)                 .FILL x0020
(400F) 0000  0000000000000000 (  11)                 .FILL x0000
(4010) 004D  0000000001001101 (  12) LABEL2          .FILL x004D
(4011) 0065  0000000001100101 (  12)                 .FILL x0065
(4012) 006C  0000000001101100 (  12)                 .FILL x006C
(4013) 0063  0000000001100011 (  12)                 .FILL x0063
(4014) 0068  0000000001101000 (  12)                 .FILL x0068
(4015) 0065  0000000001100101 (  12)                 .FILL x0065
(4016) 0072  0000000001110010 (  12)                 .FILL x0072
(4017) 002C  0000000000101100 (  12)                 .FILL x002C
(4018) 0020  0000000000100000 (  12)                 .FILL x0020
(4019) 0000  0000000000000000 (  12)                 .FILL x0000
(401A) 0043  0000000001000011 (  13) LABEL3          .FILL x0043
(401B) 006F  0000000001101111 (  13)                 .FILL x006F
(401C) 006D  0000000001101101 (  13)                 .FILL x006D
(401D) 0070  0000000001110000 (  13)                 .FILL x0070
(401E) 0075  0000000001110101 (  13)                 .FILL x0075
(401F) 0074  0000000001110100 (  13)                 .FILL x0074
(4020) 0065  0000000001100101 (  13)                 .FILL x0065
(4021) 0072  0000000001110010 (  13)                 .FILL x0072
(4022) 0020  0000000000100000 (  13)                 .FILL x0020
(4023) 0045  0000000001000101 (  13)                 .FILL x0045
(4024) 006E  0000000001101110 (  13)                 .FILL x006E
(4025) 0067  0000000001100111 (  13)                 .FILL x0067
(4026) 0069  0000000001101001 (  13)                 .FILL x0069
(4027) 006E  0000000001101110 (  13)                 .FILL x006E
(4028) 0065  0000000001100101 (  13)                 .FILL x0065
(4029) 0065  0000000001100101 (  13)                 .FILL x0065
(402A) 0072  0000000001110010 (  13)                 .FILL x0072
(402B) 002C  0000000000101100 (  13)                 .FILL x002C
(402C) 0020  0000000000100000 (  13)                 .FILL x0020
(402D) 0000  0000000000000000 (  13)                 .FILL x0000
(402E) 0045  0000000001000101 (  14) LABEL4          .FILL x0045
(402F) 0045  0000000001000101 (  14)                 .FILL x0045
(4030) 0043  0000000001000011 (  14)                 .FILL x0043
(4031) 0053  0000000001010011 (  14)                 .FILL x0053
(4032) 0032  0000000000110010 (  14)                 .FILL x0032
(4033) 0030  0000000000110000 (  14)                 .FILL x0030
(4034) 0000  0000000000000000 (  14)                 .FILL x0000
