Command line:
   processor_isim_beh.exe
     -simmode  gui
     -simrunnum  0
     -socket  51189

Mon Feb 29 02:04:58 2016


 Elaboration Time: 0.187202 sec

 Current Memory Usage: 1330.08 Meg

 Total Signals          : 239
 Total Nets             : 5611
 Total Signal Drivers   : 82
 Total Blocks           : 25
 Total Primitive Blocks : 24
 Total Processes        : 50
 Total Traceable Variables  : 109
 Total Scalar Nets and Variables : 6696
Total Line Count : 151

 Total Simulation Time: 0.234002 sec

 Current Memory Usage: 700.899 Meg

Mon Feb 29 02:09:42 2016

