Command line:
   Counter2_VHDL_isim_beh.exe
     -simmode  gui
     -simrunnum  0
     -socket  50290

Sun Feb 15 16:53:15 2015


 Elaboration Time: 0.0312 sec

 Current Memory Usage: 669.991 Meg

 Total Signals          : 5
 Total Nets             : 11
 Total Signal Drivers   : 2
 Total Blocks           : 4
 Total Primitive Blocks : 4
 Total Processes        : 2
 Total Traceable Variables  : 10
 Total Scalar Nets and Variables : 389
Total Line Count : 7

 Total Simulation Time: 0.0312 sec

 Current Memory Usage: 984.564 Meg

Sun Feb 15 16:53:59 2015

